<?xml version="1.0" encoding="UTF-8"?>
<!-- Generated by org.testng.reporters.JUnitReportReporter -->
<testsuite hostname="DESKTOP-1N0VLJU" failures="0" tests="4" name="TestCases" time="28.319" errors="0" timestamp="2024-11-16T13:35:18 EET" skipped="0">
  <testcase classname="TestCases" name="signUp" time="8.125"/>
  <system-out/>
  <testcase classname="TestCases" name="logOut" time="4.676"/>
  <system-out/>
  <testcase classname="TestCases" name="logIn" time="1.539"/>
  <system-out/>
  <testcase classname="TestCases" name="addItemToCart" time="13.979"/>
  <system-out/>
</testsuite> <!-- TestCases -->
